<?xml version="1.0" encoding="UTF-8"?>
<!-- Generated by org.testng.reporters.JUnitReportReporter -->
<testsuite skipped="0" hostname="DESKTOP-76MHF43" name="Testcase.LoginEbay" tests="1" failures="0" timestamp="03 Jan 2019 02:34:51 GMT" time="57.194" errors="0">
  <testcase name="Login" time="57.194" classname="Testcase.LoginEbay"/>
</testsuite> <!-- Testcase.LoginEbay -->
